Línea 31: la clase VirtualSwitch.ChameleonBtn del control btncpu no era una clase de control cargada.
Línea 69: la clase VirtualSwitch.ChameleonBtn del control cmdsecuencia no era una clase de control cargada.
Línea 483: la clase VirtualSwitch.ChameleonBtn del control cmdelimnar no era una clase de control cargada.
Línea 521: la clase VirtualSwitch.ChameleonBtn del control menos no era una clase de control cargada.
Línea 560: la clase VirtualSwitch.ChameleonBtn del control mas no era una clase de control cargada.
Línea 599: la clase VirtualSwitch.ChameleonBtn del control mas no era una clase de control cargada.
Línea 638: la clase VirtualSwitch.ChameleonBtn del control mas no era una clase de control cargada.
Línea 677: la clase VirtualSwitch.ChameleonBtn del control mas no era una clase de control cargada.
Línea 716: la clase VirtualSwitch.ChameleonBtn del control mas no era una clase de control cargada.
Línea 755: la clase VirtualSwitch.ChameleonBtn del control mas no era una clase de control cargada.
Línea 794: la clase VirtualSwitch.ChameleonBtn del control mas no era una clase de control cargada.
Línea 833: la clase VirtualSwitch.ChameleonBtn del control mas no era una clase de control cargada.
Línea 872: la clase VirtualSwitch.ChameleonBtn del control menos no era una clase de control cargada.
Línea 911: la clase VirtualSwitch.ChameleonBtn del control menos no era una clase de control cargada.
Línea 950: la clase VirtualSwitch.ChameleonBtn del control menos no era una clase de control cargada.
Línea 989: la clase VirtualSwitch.ChameleonBtn del control menos no era una clase de control cargada.
Línea 1028: la clase VirtualSwitch.ChameleonBtn del control menos no era una clase de control cargada.
Línea 1067: la clase VirtualSwitch.ChameleonBtn del control menos no era una clase de control cargada.
Línea 1106: la clase VirtualSwitch.ChameleonBtn del control menos no era una clase de control cargada.
Línea 1145: la clase VirtualSwitch.ChameleonBtn del control cmdElimniartodo no era una clase de control cargada.
Línea 1183: la clase VirtualSwitch.ChameleonBtn del control cmdDuplicar no era una clase de control cargada.
Línea 1221: la clase VirtualSwitch.ChameleonBtn del control ChameleonBtn2 no era una clase de control cargada.
Línea 1260: la clase VirtualSwitch.ChameleonBtn del control ChameleonBtn4 no era una clase de control cargada.
Línea 1299: la clase VirtualSwitch.ChameleonBtn del control ChameleonBtn3 no era una clase de control cargada.
Línea 1705: la clase VirtualSwitch.ChameleonBtn del control ChameleonBtn5 no era una clase de control cargada.
Línea 1743: la clase VirtualSwitch.ChameleonBtn del control cmdContrrol no era una clase de control cargada.
